This is pdfTeX, Version 3.1415926-2.5-1.40.14 (MiKTeX 2.9) (preloaded format=pdflatex 2015.3.24)  6 APR 2015 13:32
entering extended mode
**titre.tex
("C:\Users\Gon\Desktop\Cours fac\LaTeX\latexdemo2\titre.tex"
LaTeX2e <2011/06/27>
Babel <v3.8m> and hyphenation patterns for english, afrikaans, ancientgreek, arabic, armenian, assamese, basque, bengali
, bokmal, bulgarian, catalan, coptic, croatian, czech, danish, dutch, esperanto, estonian, farsi, finnish, french, galic
ian, german, german-x-2013-05-26, greek, gujarati, hindi, hungarian, icelandic, indonesian, interlingua, irish, italian,
 kannada, kurmanji, latin, latvian, lithuanian, malayalam, marathi, mongolian, mongolianlmc, monogreek, ngerman, ngerman
-x-2013-05-26, nynorsk, oriya, panjabi, pinyin, polish, portuguese, romanian, russian, sanskrit, serbian, slovak, sloven
ian, spanish, swedish, swissgerman, tamil, telugu, turkish, turkmen, ukenglish, ukrainian, uppersorbian, usenglishmax, w
elsh, loaded.

! LaTeX Error: Environment titlepage undefined.

See the LaTeX manual or LaTeX Companion for explanation.
Type  H <return>  for immediate help.
 ...                                              
                                                  
l.3 \begin{titlepage}
                     {
Your command was ignored.
Type  I <command> <return>  to replace it with another command,
or  <return>  to continue without it.


! LaTeX Error: Missing \begin{document}.

See the LaTeX manual or LaTeX Companion for explanation.
Type  H <return>  for immediate help.
 ...                                              
                                                  
l.4     \begin{center}
                      
You're in trouble here.  Try typing  <return>  to proceed.
If that doesn't work, type  X <return>  to quit.


Overfull \hbox (20.0pt too wide) in paragraph at lines 4--4
[] 
 []

! Undefined control sequence.
l.6         {\Large
                    \textbf {Université de Cergy-Pontoise}} \\
The control sequence at the end of the top line
of your error message was never \def'ed. If you have
misspelled it (e.g., `\hobx'), type `I' and the correct
spelling (e.g., `I\hbox'). Otherwise just continue,
and I'll forget about whatever was undefined.

Missing character: There is no é in font cmbx10!

Overfull \hbox (46.39003pt too wide) in paragraph at lines 6--6
 \OT1/cmr/bx/n/10 Universit 
 []


Overfull \hbox (11.65967pt too wide) in paragraph at lines 6--6
 \OT1/cmr/bx/n/10 de 
 []


Overfull \hbox (33.96512pt too wide) in paragraph at lines 6--6
 \OT1/cmr/bx/n/10 Cergy- 
 []


Overfull \hbox (42.58449pt too wide) in paragraph at lines 6--6
 \OT1/cmr/bx/n/10 Pontoise 
 []

! Undefined control sequence.
l.8         {\Large
                    \textbf {RAPPORT}} \\
The control sequence at the end of the top line
of your error message was never \def'ed. If you have
misspelled it (e.g., `\hobx'), type `I' and the correct
spelling (e.g., `I\hbox'). Otherwise just continue,
and I'll forget about whatever was undefined.


Overfull \hbox (57.34691pt too wide) in paragraph at lines 8--8
 []\OT1/cmr/bx/n/10 RAPPORT 
 []

Missing character: There is no p in font nullfont!
Missing character: There is no o in font nullfont!
Missing character: There is no u in font nullfont!
Missing character: There is no r in font nullfont!
Missing character: There is no l in font nullfont!
Missing character: There is no e in font nullfont!
Missing character: There is no p in font nullfont!
Missing character: There is no r in font nullfont!
Missing character: There is no o in font nullfont!
Missing character: There is no j in font nullfont!
Missing character: There is no e in font nullfont!
Missing character: There is no t in font nullfont!
Missing character: There is no G in font nullfont!
Missing character: There is no é in font nullfont!
Missing character: There is no n in font nullfont!
Missing character: There is no i in font nullfont!
Missing character: There is no e in font nullfont!
Missing character: There is no L in font nullfont!
Missing character: There is no o in font nullfont!
Missing character: There is no g in font nullfont!
Missing character: There is no i in font nullfont!
Missing character: There is no c in font nullfont!
Missing character: There is no i in font nullfont!
Missing character: There is no e in font nullfont!
Missing character: There is no l in font nullfont!
Missing character: There is no è in font cmbx10!
Missing character: There is no é in font cmbx10!

Overfull \hbox (37.2637pt too wide) in paragraph at lines 11--11
 []\OT1/cmr/bx/n/10 Licence 
 []


Overfull \hbox (74.90237pt too wide) in paragraph at lines 11--11
 \OT1/cmr/bx/n/10 d'Informatique 
 []


Overfull \hbox (42.16646pt too wide) in paragraph at lines 11--11
 \OT1/cmr/bx/n/10 deuxime 
 []


Overfull \hbox (23.63875pt too wide) in paragraph at lines 11--11
 \OT1/cmr/bx/n/10 anne 
 []

Missing character: There is no s in font nullfont!
Missing character: There is no u in font nullfont!
Missing character: There is no r in font nullfont!
Missing character: There is no l in font nullfont!
Missing character: There is no e in font nullfont!
Missing character: There is no s in font nullfont!
Missing character: There is no u in font nullfont!
Missing character: There is no j in font nullfont!
Missing character: There is no e in font nullfont!
Missing character: There is no t in font nullfont!
! Undefined control sequence.
l.16 	{\Huge
             \textsf{Projet : UML Converter}} \\
The control sequence at the end of the top line
of your error message was never \def'ed. If you have
misspelled it (e.g., `\hobx'), type `I' and the correct
spelling (e.g., `I\hbox'). Otherwise just continue,
and I'll forget about whatever was undefined.


Overfull \hbox (25.52783pt too wide) in paragraph at lines 16--16
 []\OT1/cmss/m/n/10 Projet 
 []


Overfull \hbox (2.77779pt too wide) in paragraph at lines 16--16
 \OT1/cmss/m/n/10 : 
 []


Overfull \hbox (21.04178pt too wide) in paragraph at lines 16--16
 \OT1/cmss/m/n/10 UML 
 []


Overfull \hbox (19.88892pt too wide) in paragraph at lines 16--16
 \OT1/cmss/m/n/10 Con- 
 []


Overfull \hbox (24.08337pt too wide) in paragraph at lines 16--16
 \OT1/cmss/m/n/10 verter 
 []

Missing character: There is no r in font nullfont!
Missing character: There is no é in font nullfont!
Missing character: There is no d in font nullfont!
Missing character: There is no i in font nullfont!
Missing character: There is no g in font nullfont!
Missing character: There is no é in font nullfont!
Missing character: There is no p in font nullfont!
Missing character: There is no a in font nullfont!
Missing character: There is no r in font nullfont!
! Undefined control sequence.
l.20         {\Large
                     \textbf {FOURGS Alexandre \\\& \\ASTORI Florian}} \\
The control sequence at the end of the top line
of your error message was never \def'ed. If you have
misspelled it (e.g., `\hobx'), type `I' and the correct
spelling (e.g., `I\hbox'). Otherwise just continue,
and I'll forget about whatever was undefined.


Overfull \hbox (48.13861pt too wide) in paragraph at lines 20--20
 []\OT1/cmr/bx/n/10 FOURGS 
 []


Overfull \hbox (39.04144pt too wide) in paragraph at lines 20--20
 \OT1/cmr/bx/n/10 Alexan- 
 []


Overfull \hbox (16.39577pt too wide) in paragraph at lines 20--20
 \OT1/cmr/bx/n/10 dre 
 []


Overfull \hbox (8.9444pt too wide) in paragraph at lines 20--20
 []\OT1/cmr/bx/n/10 & 
 []


Overfull \hbox (44.70808pt too wide) in paragraph at lines 20--20
 []\OT1/cmr/bx/n/10 ASTORI 
 []


Overfull \hbox (20.01378pt too wide) in paragraph at lines 20--20
 \OT1/cmr/bx/n/10 Flo- 
 []


Overfull \hbox (19.9096pt too wide) in paragraph at lines 20--20
 \OT1/cmr/bx/n/10 rian 
 []

! Undefined control sequence.
l.22 				\noreffig
                  {images/UCP_logo_violet.jpg}{12.82cm}{8.2cm} \\
The control sequence at the end of the top line
of your error message was never \def'ed. If you have
misspelled it (e.g., `\hobx'), type `I' and the correct
spelling (e.g., `I\hbox'). Otherwise just continue,
and I'll forget about whatever was undefined.

Missing character: There is no i in font nullfont!
Missing character: There is no m in font nullfont!
Missing character: There is no a in font nullfont!
Missing character: There is no g in font nullfont!
Missing character: There is no e in font nullfont!
Missing character: There is no s in font nullfont!
Missing character: There is no / in font nullfont!
Missing character: There is no U in font nullfont!
Missing character: There is no C in font nullfont!
Missing character: There is no P in font nullfont!
! Missing $ inserted.
<inserted text> 
                $
l.22 				\noreffig{images/UCP_
                              logo_violet.jpg}{12.82cm}{8.2cm} \\
I've inserted a begin-math/end-math symbol since I think
you left one out. Proceed, with fingers crossed.

LaTeX Font Info:    External font `cmex10' loaded for size
(Font)              <7> on input line 22.
LaTeX Font Info:    External font `cmex10' loaded for size
(Font)              <5> on input line 22.
! Extra }, or forgotten $.
l.22 				\noreffig{images/UCP_logo_violet.jpg}
                                              {12.82cm}{8.2cm} \\
I've deleted a group-closing symbol because it seems to be
spurious, as in `$x}$'. But perhaps the } is legitimate and
you forgot something else, as in `\hbox{$x}'. In such cases
the way to recover is to insert both the forgotten and the
deleted material, e.g., by typing `I$}'.


! LaTeX Error: There's no line here to end.

See the LaTeX manual or LaTeX Companion for explanation.
Type  H <return>  for immediate help.
 ...                                              
                                                  
l.22 ...es/UCP_logo_violet.jpg}{12.82cm}{8.2cm} \\
                                                  
Your command was ignored.
Type  I <command> <return>  to replace it with another command,
or  <return>  to continue without it.

! Missing $ inserted.
<inserted text> 
                $
l.22 ...es/UCP_logo_violet.jpg}{12.82cm}{8.2cm} \\
                                                  
I've inserted a begin-math/end-math symbol since I think
you left one out. Proceed, with fingers crossed.

! Missing } inserted.
<inserted text> 
                }
l.22 ...es/UCP_logo_violet.jpg}{12.82cm}{8.2cm} \\
                                                  
I've inserted something that you may have forgotten.
(See the <inserted text> above.)
With luck, this will get me unwedged. But if you
really didn't forget anything, try typing `2' now; then
my insertion and my current dilemma will both disappear.


Overfull \hbox (121.78293pt too wide) in paragraph at lines 22--22
 []$[]\OML/cmm/m/it/10 ogo[]iolet:jpg[][][]$ 
 []

Missing character: There is no a in font nullfont!
Missing character: There is no i in font nullfont!
Missing character: There is no 2 in font nullfont!
Missing character: There is no 0 in font nullfont!
Missing character: There is no 1 in font nullfont!
Missing character: There is no 5 in font nullfont!

! LaTeX Error: \begin{document} ended by \end{titlepage}.

See the LaTeX manual or LaTeX Companion for explanation.
Type  H <return>  for immediate help.
 ...                                              
                                                  
l.27 \end{titlepage}
                    
Your command was ignored.
Type  I <command> <return>  to replace it with another command,
or  <return>  to continue without it.

)
! Emergency stop.
<*> titre.tex
             
*** (job aborted, no legal \end found)

 
Here is how much of TeX's memory you used:
 16 strings out of 493921
 316 string characters out of 3144882
 50031 words of memory out of 3000000
 3407 multiletter control sequences out of 15000+200000
 4253 words of font info for 16 fonts, out of 3000000 for 9000
 841 hyphenation exceptions out of 8191
 18i,2n,12p,96b,125s stack positions out of 5000i,500n,10000p,200000b,50000s
!  ==> Fatal error occurred, no output PDF file produced!
